<?xml version="1.0" encoding="UTF-8"?>
<!-- Generated by org.testng.reporters.JUnitReportReporter -->
<testsuite hostname="DESKTOP-5OLMRSH" failures="0" tests="1" name="testCases.LoginTest" time="6.590" errors="0" timestamp="2025-06-23T18:24:49 IST" skipped="0">
  <testcase classname="testCases.LoginTest" name="LoginTest" time="6.590"/>
</testsuite> <!-- testCases.LoginTest -->
