<?xml version="1.0" encoding="UTF-8"?>
<!-- Generated by org.testng.reporters.JUnitReportReporter -->
<testsuite hostname="DESKTOP-5OLMRSH" failures="0" tests="1" name="testCases.PerformancePredictionWorkFlow2" time="79.901" errors="0" timestamp="2025-06-23T10:44:52 IST" skipped="0">
  <testcase classname="testCases.PerformancePredictionWorkFlow2" name="RegressionTestPerformacePrediction" time="79.901"/>
</testsuite> <!-- testCases.PerformancePredictionWorkFlow2 -->
