<?xml version="1.0" encoding="UTF-8"?>
<!-- Generated by org.testng.reporters.JUnitReportReporter -->
<testsuite hostname="DESKTOP-75M4PH5" failures="0" tests="1" name="testCases.LoginTest" time="10.352" errors="0" timestamp="2025-07-04T10:35:08 IST" skipped="0">
  <testcase classname="testCases.LoginTest" name="LoginTest" time="10.352"/>
</testsuite> <!-- testCases.LoginTest -->
