<?xml version="1.0" encoding="UTF-8"?>
<!-- Generated by org.testng.reporters.JUnitReportReporter -->
<testsuite hostname="DESKTOP-5OLMRSH" failures="0" tests="1" name="testCases.CreateUser" time="15.397" errors="0" timestamp="2025-05-29T18:08:24 IST" skipped="0">
  <testcase classname="testCases.CreateUser" name="creatingUser" time="15.397"/>
</testsuite> <!-- testCases.CreateUser -->
