<?xml version="1.0" encoding="UTF-8"?>
<!-- Generated by org.testng.reporters.JUnitReportReporter -->
<testsuite hostname="DESKTOP-5OLMRSH" failures="0" tests="2" name="testCases.LoginDDT" time="22.315" errors="0" timestamp="2025-06-20T10:35:23 IST" skipped="0">
  <testcase classname="testCases.LoginDDT" name="testLogin" time="14.925"/>
  <testcase classname="testCases.LoginDDT" name="testLogin" time="7.390"/>
</testsuite> <!-- testCases.LoginDDT -->
