<?xml version="1.0" encoding="UTF-8"?>
<!-- Generated by org.testng.reporters.JUnitReportReporter -->
<testsuite hostname="DESKTOP-5OLMRSH" failures="0" tests="1" name="testCases.PerformancePredictionWorkFlowRegressionTest" time="65.595" errors="0" timestamp="2025-06-24T14:43:17 IST" skipped="0">
  <testcase classname="testCases.PerformancePredictionWorkFlowRegressionTest" name="RegressionTestPerformacePrediction" time="65.595"/>
</testsuite> <!-- testCases.PerformancePredictionWorkFlowRegressionTest -->
