<?xml version="1.0" encoding="UTF-8"?>
<!-- Generated by org.testng.reporters.JUnitReportReporter -->
<testsuite hostname="DESKTOP-5OLMRSH" failures="0" tests="1" name="testCases.PerformancePredictionWorkFlow" time="185.847" errors="0" timestamp="2025-06-25T10:15:51 IST" skipped="0">
  <testcase classname="testCases.PerformancePredictionWorkFlow" name="PPWorkflow" time="185.847"/>
</testsuite> <!-- testCases.PerformancePredictionWorkFlow -->
