<?xml version="1.0" encoding="UTF-8"?>
<!-- Generated by org.testng.reporters.JUnitReportReporter -->
<testsuite hostname="DESKTOP-5OLMRSH" failures="0" tests="1" name="testCases.LoginTest" time="9.734" errors="0" timestamp="2025-06-25T10:15:51 IST" skipped="0">
  <testcase classname="testCases.LoginTest" name="LoginTest" time="9.734"/>
</testsuite> <!-- testCases.LoginTest -->
