<?xml version="1.0" encoding="UTF-8"?>
<!-- Generated by org.testng.reporters.JUnitReportReporter -->
<testsuite hostname="DESKTOP-5OLMRSH" failures="0" tests="1" name="testCases.PerformanceSearchWorkFlow" time="79.826" errors="0" timestamp="2025-06-24T15:00:18 IST" skipped="0">
  <testcase classname="testCases.PerformanceSearchWorkFlow" name="psReport" time="79.826"/>
</testsuite> <!-- testCases.PerformanceSearchWorkFlow -->
