<?xml version="1.0" encoding="UTF-8"?>
<!-- Generated by org.testng.reporters.JUnitReportReporter -->
<testsuite hostname="DESKTOP-5OLMRSH" failures="0" tests="1" name="testCases.LoginTest" time="10.780" errors="0" timestamp="2025-06-25T12:01:40 IST" skipped="0">
  <testcase classname="testCases.LoginTest" name="LoginTest" time="10.780"/>
</testsuite> <!-- testCases.LoginTest -->
